#
# There is insufficient memory for the Java Runtime Environment to continue.
# Native memory allocation (malloc) failed to allocate 295504 bytes for Chunk::new
# Possible reasons:
#   The system is out of physical RAM or swap space
#   In 32 bit mode, the process size limit was hit
# Possible solutions:
#   Reduce memory load on the system
#   Increase physical memory or swap space
#   Check if swap backing store is full
#   Use 64 bit Java on a 64 bit OS
#   Decrease Java heap size (-Xmx/-Xms)
#   Decrease number of Java threads
#   Decrease Java thread stack sizes (-Xss)
#   Set larger code cache with -XX:ReservedCodeCacheSize=
# This output file may be truncated or incomplete.
#
#  Out of Memory Error (allocation.cpp:390), pid=12952, tid=0x000000000000940c
#
# JRE version: Java(TM) SE Runtime Environment (8.0_121-b13) (build 1.8.0_121-b13)
# Java VM: Java HotSpot(TM) 64-Bit Server VM (25.121-b13 mixed mode windows-amd64 compressed oops)
# Failed to write core dump. Minidumps are not enabled by default on client versions of Windows
#

---------------  T H R E A D  ---------------

Current thread (0x00000000035b4800):  JavaThread "main" [_thread_in_native, id=37900, stack(0x00000000034b0000,0x00000000035b0000)]

Stack: [0x00000000034b0000,0x00000000035b0000]
[error occurred during error reporting (printing stack bounds), id 0xc0000005]

Native frames: (J=compiled Java code, j=interpreted, Vv=VM code, C=native code)

Java frames: (J=compiled Java code, j=interpreted, Vv=VM code)
J 657  java.lang.Class.forName0(Ljava/lang/String;ZLjava/lang/ClassLoader;Ljava/lang/Class;)Ljava/lang/Class; (0 bytes) @ 0x00000000038ac907 [0x00000000038ac880+0x87]
J 733 C1 java.lang.Class.forName(Ljava/lang/String;ZLjava/lang/ClassLoader;)Ljava/lang/Class; (53 bytes) @ 0x00000000038cbe6c [0x00000000038cbd40+0x12c]
j  sun.nio.cs.AbstractCharsetProvider.lookup(Ljava/lang/String;)Ljava/nio/charset/Charset;+86
j  sun.nio.cs.AbstractCharsetProvider.access$000(Lsun/nio/cs/AbstractCharsetProvider;Ljava/lang/String;)Ljava/nio/charset/Charset;+2
j  sun.nio.cs.AbstractCharsetProvider$1.next()Ljava/nio/charset/Charset;+25
j  sun.nio.cs.AbstractCharsetProvider$1.next()Ljava/lang/Object;+1
j  java.nio.charset.Charset.put(Ljava/util/Iterator;Ljava/util/Map;)V+10
j  java.nio.charset.Charset.access$200(Ljava/util/Iterator;Ljava/util/Map;)V+2
j  java.nio.charset.Charset$3.run()Ljava/util/SortedMap;+34
j  java.nio.charset.Charset$3.run()Ljava/lang/Object;+1
v  ~StubRoutines::call_stub
J 549  java.security.AccessController.doPrivileged(Ljava/security/PrivilegedAction;)Ljava/lang/Object; (0 bytes) @ 0x0000000003879f52 [0x0000000003879f00+0x52]
j  java.nio.charset.Charset.availableCharsets()Ljava/util/SortedMap;+7
j  org.apache.tomcat.util.buf.B2CConverter.<clinit>()V+18
v  ~StubRoutines::call_stub
j  org.apache.catalina.connector.Connector.setURIEncoding(Ljava/lang/String;)V+2
j  org.springframework.boot.web.embedded.tomcat.TomcatServletWebServerFactory.customizeConnector(Lorg/apache/catalina/connector/Connector;)V+77
j  org.springframework.boot.web.embedded.tomcat.TomcatServletWebServerFactory.getWebServer([Lorg/springframework/boot/web/servlet/ServletContextInitializer;)Lorg/springframework/boot/web/server/WebServer;+64
j  org.springframework.boot.web.servlet.context.ServletWebServerApplicationContext.createWebServer()V+36
j  org.springframework.boot.web.servlet.context.ServletWebServerApplicationContext.onRefresh()V+5
j  org.springframework.context.support.AbstractApplicationContext.refresh()V+45
j  org.springframework.boot.web.servlet.context.ServletWebServerApplicationContext.refresh()V+1
j  org.springframework.boot.SpringApplication.refresh(Lorg/springframework/context/ApplicationContext;)V+10
j  org.springframework.boot.SpringApplication.refreshContext(Lorg/springframework/context/ConfigurableApplicationContext;)V+2
j  org.springframework.boot.SpringApplication.run([Ljava/lang/String;)Lorg/springframework/context/ConfigurableApplicationContext;+118
j  org.springframework.boot.SpringApplication.run([Ljava/lang/Class;[Ljava/lang/String;)Lorg/springframework/context/ConfigurableApplicationContext;+9
j  org.springframework.boot.SpringApplication.run(Ljava/lang/Class;[Ljava/lang/String;)Lorg/springframework/context/ConfigurableApplicationContext;+9
j  com.cg.configurationclient.ConfigurationClientApplication.main([Ljava/lang/String;)V+3
v  ~StubRoutines::call_stub

---------------  P R O C E S S  ---------------

Java Threads: ( => current thread )
  0x000000001c060800 JavaThread "Keep-Alive-Timer" daemon [_thread_blocked, id=30160, stack(0x000000001d330000,0x000000001d430000)]
  0x000000001a3e6800 JavaThread "JMX server connection timeout 17" daemon [_thread_blocked, id=8480, stack(0x000000001b220000,0x000000001b320000)]
  0x000000001a391000 JavaThread "RMI TCP Connection(2)-127.0.0.1" daemon [_thread_in_native, id=7944, stack(0x000000001b120000,0x000000001b220000)]
  0x000000001a394000 JavaThread "RMI Scheduler(0)" daemon [_thread_blocked, id=32952, stack(0x000000001b020000,0x000000001b120000)]
  0x000000001a368800 JavaThread "RMI TCP Connection(1)-127.0.0.1" daemon [_thread_in_native, id=16024, stack(0x000000001af20000,0x000000001b020000)]
  0x000000001a359000 JavaThread "RMI TCP Accept-0" daemon [_thread_in_native, id=26064, stack(0x000000001ac20000,0x000000001ad20000)]
  0x000000001a353800 JavaThread "RMI TCP Accept-64242" daemon [_thread_in_native, id=14596, stack(0x000000001ab20000,0x000000001ac20000)]
  0x000000001a33c000 JavaThread "RMI TCP Accept-0" daemon [_thread_in_native, id=11628, stack(0x000000001aa20000,0x000000001ab20000)]
  0x000000001832e800 JavaThread "Service Thread" daemon [_thread_blocked, id=16260, stack(0x000000001a020000,0x000000001a120000)]
  0x0000000018328800 JavaThread "C1 CompilerThread2" daemon [_thread_blocked, id=15052, stack(0x0000000019f20000,0x000000001a020000)]
  0x00000000182fb000 JavaThread "C2 CompilerThread1" daemon [_thread_blocked, id=8516, stack(0x0000000019a20000,0x0000000019b20000)]
  0x00000000182d3800 JavaThread "C2 CompilerThread0" daemon [_thread_blocked, id=24652, stack(0x0000000019920000,0x0000000019a20000)]
  0x00000000182d2000 JavaThread "Attach Listener" daemon [_thread_blocked, id=38864, stack(0x0000000019820000,0x0000000019920000)]
  0x00000000182d1000 JavaThread "Signal Dispatcher" daemon [_thread_blocked, id=624, stack(0x0000000019720000,0x0000000019820000)]
  0x00000000036ad000 JavaThread "Finalizer" daemon [_thread_blocked, id=22852, stack(0x0000000019530000,0x0000000019630000)]
  0x0000000018299000 JavaThread "Reference Handler" daemon [_thread_blocked, id=84, stack(0x0000000019430000,0x0000000019530000)]
=>0x00000000035b4800 JavaThread "main" [_thread_in_native, id=37900, stack(0x00000000034b0000,0x00000000035b0000)]

Other Threads:
  0x0000000018297000 VMThread [stack: 0x0000000019330000,0x0000000019430000] [id=17232]
  0x000000001a35c800 WatcherThread [stack: 0x000000001ad20000,0x000000001ae20000] [id=10312]

VM state:not at safepoint (normal execution)

VM Mutex/Monitor currently owned by a thread: None

Heap:
 PSYoungGen      total 76800K, used 18041K [0x00000000d5580000, 0x00000000de600000, 0x0000000100000000)
  eden space 66560K, 11% used [0x00000000d5580000,0x00000000d5d318c0,0x00000000d9680000)
  from space 10240K, 99% used [0x00000000ddc00000,0x00000000de5ecb70,0x00000000de600000)
  to   space 5120K, 0% used [0x00000000d9680000,0x00000000d9680000,0x00000000d9b80000)
 ParOldGen       total 45568K, used 7882K [0x0000000080000000, 0x0000000082c80000, 0x00000000d5580000)
  object space 45568K, 17% used [0x0000000080000000,0x00000000807b2998,0x0000000082c80000)
 Metaspace       used 28894K, capacity 30306K, committed 30464K, reserved 1083392K
  class space    used 3995K, capacity 4294K, committed 4352K, reserved 1048576K

Card table byte_map: [0x0000000012a70000,0x0000000012e80000] byte_map_base: 0x0000000012670000

Marking Bits: (ParMarkBitMap*) 0x0000000071b0b6d0
 Begin Bits: [0x0000000013530000, 0x0000000015530000)
 End Bits:   [0x0000000015530000, 0x0000000017530000)

Polling page: 0x0000000003360000

CodeCache: size=245760Kb used=6373Kb max_used=6373Kb free=239386Kb
 bounds [0x00000000036b0000, 0x0000000003cf0000, 0x00000000126b0000]
 total_blobs=3446 nmethods=3027 adapters=332
 compilation: enabled

Compilation events (10 events):
Event: 7.962 Thread 0x0000000018328800 3024       1       java.nio.charset.Charset::atBugLevel (44 bytes)
Event: 7.963 Thread 0x0000000018328800 nmethod 3024 0x0000000003ce7650 code [0x0000000003ce77c0, 0x0000000003ce7a38]
Event: 7.966 Thread 0x0000000018328800 3025   !   1       java.lang.Class::newInstance (155 bytes)
Event: 7.967 Thread 0x0000000018328800 nmethod 3025 0x0000000003ce7b50 code [0x0000000003ce7da0, 0x0000000003ce85e8]
Event: 7.969 Thread 0x0000000018328800 3026       1       java.util.TreeMap::rotateLeft (96 bytes)
Event: 7.969 Thread 0x0000000018328800 nmethod 3026 0x0000000003804ed0 code [0x0000000003805020, 0x0000000003805250]
Event: 7.970 Thread 0x0000000018328800 3027       1       sun.nio.cs.AbstractCharsetProvider::put (20 bytes)
Event: 7.970 Thread 0x0000000018328800 nmethod 3027 0x0000000003ce8b90 code [0x0000000003ce8d00, 0x0000000003ce8e78]
Event: 7.972 Thread 0x0000000018328800 3028       1       java.nio.charset.Charset::checkName (165 bytes)
Event: 7.973 Thread 0x0000000018328800 nmethod 3028 0x0000000003ce8f10 code [0x0000000003ce90c0, 0x0000000003ce9438]

GC Heap History (10 events):
Event: 2.284 GC heap before
{Heap before GC invocations=3 (full 0):
 PSYoungGen      total 38400K, used 38396K [0x00000000d5580000, 0x00000000da080000, 0x0000000100000000)
  eden space 33280K, 100% used [0x00000000d5580000,0x00000000d7600000,0x00000000d7600000)
  from space 5120K, 99% used [0x00000000d7b00000,0x00000000d7fff140,0x00000000d8000000)
  to   space 5120K, 0% used [0x00000000d7600000,0x00000000d7600000,0x00000000d7b00000)
 ParOldGen       total 87552K, used 2200K [0x0000000080000000, 0x0000000085580000, 0x00000000d5580000)
  object space 87552K, 2% used [0x0000000080000000,0x00000000802260f8,0x0000000085580000)
 Metaspace       used 20456K, capacity 21036K, committed 21120K, reserved 1067008K
  class space    used 2767K, capacity 2919K, committed 2944K, reserved 1048576K
Event: 2.297 GC heap after
Heap after GC invocations=3 (full 0):
 PSYoungGen      total 38400K, used 5120K [0x00000000d5580000, 0x00000000da080000, 0x0000000100000000)
  eden space 33280K, 0% used [0x00000000d5580000,0x00000000d5580000,0x00000000d7600000)
  from space 5120K, 100% used [0x00000000d7600000,0x00000000d7b00000,0x00000000d7b00000)
  to   space 5120K, 0% used [0x00000000d9b80000,0x00000000d9b80000,0x00000000da080000)
 ParOldGen       total 87552K, used 5850K [0x0000000080000000, 0x0000000085580000, 0x00000000d5580000)
  object space 87552K, 6% used [0x0000000080000000,0x00000000805b6af0,0x0000000085580000)
 Metaspace       used 20456K, capacity 21036K, committed 21120K, reserved 1067008K
  class space    used 2767K, capacity 2919K, committed 2944K, reserved 1048576K
}
Event: 2.302 GC heap before
{Heap before GC invocations=4 (full 0):
 PSYoungGen      total 38400K, used 5894K [0x00000000d5580000, 0x00000000da080000, 0x0000000100000000)
  eden space 33280K, 2% used [0x00000000d5580000,0x00000000d5641938,0x00000000d7600000)
  from space 5120K, 100% used [0x00000000d7600000,0x00000000d7b00000,0x00000000d7b00000)
  to   space 5120K, 0% used [0x00000000d9b80000,0x00000000d9b80000,0x00000000da080000)
 ParOldGen       total 87552K, used 5850K [0x0000000080000000, 0x0000000085580000, 0x00000000d5580000)
  object space 87552K, 6% used [0x0000000080000000,0x00000000805b6af0,0x0000000085580000)
 Metaspace       used 20498K, capacity 21100K, committed 21248K, reserved 1067008K
  class space    used 2777K, capacity 2983K, committed 3072K, reserved 1048576K
Event: 2.311 GC heap after
Heap after GC invocations=4 (full 0):
 PSYoungGen      total 71680K, used 5040K [0x00000000d5580000, 0x00000000da080000, 0x0000000100000000)
  eden space 66560K, 0% used [0x00000000d5580000,0x00000000d5580000,0x00000000d9680000)
  from space 5120K, 98% used [0x00000000d9b80000,0x00000000da06c030,0x00000000da080000)
  to   space 5120K, 0% used [0x00000000d9680000,0x00000000d9680000,0x00000000d9b80000)
 ParOldGen       total 87552K, used 5858K [0x0000000080000000, 0x0000000085580000, 0x00000000d5580000)
  object space 87552K, 6% used [0x0000000080000000,0x00000000805b8af0,0x0000000085580000)
 Metaspace       used 20498K, capacity 21100K, committed 21248K, reserved 1067008K
  class space    used 2777K, capacity 2983K, committed 3072K, reserved 1048576K
}
Event: 2.311 GC heap before
{Heap before GC invocations=5 (full 1):
 PSYoungGen      total 71680K, used 5040K [0x00000000d5580000, 0x00000000da080000, 0x0000000100000000)
  eden space 66560K, 0% used [0x00000000d5580000,0x00000000d5580000,0x00000000d9680000)
  from space 5120K, 98% used [0x00000000d9b80000,0x00000000da06c030,0x00000000da080000)
  to   space 5120K, 0% used [0x00000000d9680000,0x00000000d9680000,0x00000000d9b80000)
 ParOldGen       total 87552K, used 5858K [0x0000000080000000, 0x0000000085580000, 0x00000000d5580000)
  object space 87552K, 6% used [0x0000000080000000,0x00000000805b8af0,0x0000000085580000)
 Metaspace       used 20498K, capacity 21100K, committed 21248K, reserved 1067008K
  class space    used 2777K, capacity 2983K, committed 3072K, reserved 1048576K
Event: 2.342 GC heap after
Heap after GC invocations=5 (full 1):
 PSYoungGen      total 71680K, used 0K [0x00000000d5580000, 0x00000000da080000, 0x0000000100000000)
  eden space 66560K, 0% used [0x00000000d5580000,0x00000000d5580000,0x00000000d9680000)
  from space 5120K, 0% used [0x00000000d9b80000,0x00000000d9b80000,0x00000000da080000)
  to   space 5120K, 0% used [0x00000000d9680000,0x00000000d9680000,0x00000000d9b80000)
 ParOldGen       total 45568K, used 4986K [0x0000000080000000, 0x0000000082c80000, 0x00000000d5580000)
  object space 45568K, 10% used [0x0000000080000000,0x00000000804deac0,0x0000000082c80000)
 Metaspace       used 20497K, capacity 21094K, committed 21248K, reserved 1067008K
  class space    used 2776K, capacity 2982K, committed 3072K, reserved 1048576K
}
Event: 6.979 GC heap before
{Heap before GC invocations=6 (full 1):
 PSYoungGen      total 71680K, used 66560K [0x00000000d5580000, 0x00000000da080000, 0x0000000100000000)
  eden space 66560K, 100% used [0x00000000d5580000,0x00000000d9680000,0x00000000d9680000)
  from space 5120K, 0% used [0x00000000d9b80000,0x00000000d9b80000,0x00000000da080000)
  to   space 5120K, 0% used [0x00000000d9680000,0x00000000d9680000,0x00000000d9b80000)
 ParOldGen       total 45568K, used 4986K [0x0000000080000000, 0x0000000082c80000, 0x00000000d5580000)
  object space 45568K, 10% used [0x0000000080000000,0x00000000804deac0,0x0000000082c80000)
 Metaspace       used 24797K, capacity 25758K, committed 25984K, reserved 1071104K
  class space    used 3406K, capacity 3652K, committed 3712K, reserved 1048576K
Event: 6.994 GC heap after
Heap after GC invocations=6 (full 1):
 PSYoungGen      total 71680K, used 5092K [0x00000000d5580000, 0x00000000de600000, 0x0000000100000000)
  eden space 66560K, 0% used [0x00000000d5580000,0x00000000d5580000,0x00000000d9680000)
  from space 5120K, 99% used [0x00000000d9680000,0x00000000d9b793a0,0x00000000d9b80000)
  to   space 10240K, 0% used [0x00000000ddc00000,0x00000000ddc00000,0x00000000de600000)
 ParOldGen       total 45568K, used 7874K [0x0000000080000000, 0x0000000082c80000, 0x00000000d5580000)
  object space 45568K, 17% used [0x0000000080000000,0x00000000807b0998,0x0000000082c80000)
 Metaspace       used 24797K, capacity 25758K, committed 25984K, reserved 1071104K
  class space    used 3406K, capacity 3652K, committed 3712K, reserved 1048576K
}
Event: 7.855 GC heap before
{Heap before GC invocations=7 (full 1):
 PSYoungGen      total 71680K, used 71652K [0x00000000d5580000, 0x00000000de600000, 0x0000000100000000)
  eden space 66560K, 100% used [0x00000000d5580000,0x00000000d9680000,0x00000000d9680000)
  from space 5120K, 99% used [0x00000000d9680000,0x00000000d9b793a0,0x00000000d9b80000)
  to   space 10240K, 0% used [0x00000000ddc00000,0x00000000ddc00000,0x00000000de600000)
 ParOldGen       total 45568K, used 7874K [0x0000000080000000, 0x0000000082c80000, 0x00000000d5580000)
  object space 45568K, 17% used [0x0000000080000000,0x00000000807b0998,0x0000000082c80000)
 Metaspace       used 28146K, capacity 29550K, committed 29824K, reserved 1077248K
  class space    used 3911K, capacity 4194K, committed 4224K, reserved 1048576K
Event: 7.873 GC heap after
Heap after GC invocations=7 (full 1):
 PSYoungGen      total 76800K, used 10162K [0x00000000d5580000, 0x00000000de600000, 0x0000000100000000)
  eden space 66560K, 0% used [0x00000000d5580000,0x00000000d5580000,0x00000000d9680000)
  from space 10240K, 99% used [0x00000000ddc00000,0x00000000de5ecb70,0x00000000de600000)
  to   space 5120K, 0% used [0x00000000d9680000,0x00000000d9680000,0x00000000d9b80000)
 ParOldGen       total 45568K, used 7882K [0x0000000080000000, 0x0000000082c80000, 0x00000000d5580000)
  object space 45568K, 17% used [0x0000000080000000,0x00000000807b2998,0x0000000082c80000)
 Metaspace       used 28146K, capacity 29550K, committed 29824K, reserved 1077248K
  class space    used 3911K, capacity 4194K, committed 4224K, reserved 1048576K
}

Deoptimization events (0 events):
No events

Internal exceptions (10 events):
Event: 7.789 Thread 0x00000000035b4800 Exception <a 'java/lang/ArrayIndexOutOfBoundsException'> (0x00000000d935b2d0) thrown at [C:\re\workspace\8-2-build-windows-amd64-cygwin\jdk8u121\8372\hotspot\src\share\vm\runtime\sharedRuntime.cpp, line 605]
Event: 7.790 Thread 0x00000000035b4800 Exception <a 'java/lang/ArrayIndexOutOfBoundsException'> (0x00000000d93641a8) thrown at [C:\re\workspace\8-2-build-windows-amd64-cygwin\jdk8u121\8372\hotspot\src\share\vm\runtime\sharedRuntime.cpp, line 605]
Event: 7.802 Thread 0x00000000035b4800 Exception <a 'java/lang/ArrayIndexOutOfBoundsException'> (0x00000000d941da60) thrown at [C:\re\workspace\8-2-build-windows-amd64-cygwin\jdk8u121\8372\hotspot\src\share\vm\runtime\sharedRuntime.cpp, line 605]
Event: 7.805 Thread 0x00000000035b4800 Exception <a 'java/lang/ArrayIndexOutOfBoundsException'> (0x00000000d94410a8) thrown at [C:\re\workspace\8-2-build-windows-amd64-cygwin\jdk8u121\8372\hotspot\src\share\vm\runtime\sharedRuntime.cpp, line 605]
Event: 7.807 Thread 0x00000000035b4800 Exception <a 'java/lang/ArrayIndexOutOfBoundsException'> (0x00000000d9463bc8) thrown at [C:\re\workspace\8-2-build-windows-amd64-cygwin\jdk8u121\8372\hotspot\src\share\vm\runtime\sharedRuntime.cpp, line 605]
Event: 7.874 Thread 0x000000001a391000 Exception <a 'java/lang/reflect/InvocationTargetException'> (0x00000000d5581e30) thrown at [C:\re\workspace\8-2-build-windows-amd64-cygwin\jdk8u121\8372\hotspot\src\share\vm\runtime\reflection.cpp, line 1092]
Event: 7.882 Thread 0x00000000035b4800 Exception <a 'java/lang/ArrayIndexOutOfBoundsException'> (0x00000000d56806c0) thrown at [C:\re\workspace\8-2-build-windows-amd64-cygwin\jdk8u121\8372\hotspot\src\share\vm\runtime\sharedRuntime.cpp, line 605]
Event: 7.883 Thread 0x00000000035b4800 Exception <a 'java/lang/ArrayIndexOutOfBoundsException'> (0x00000000d5681a08) thrown at [C:\re\workspace\8-2-build-windows-amd64-cygwin\jdk8u121\8372\hotspot\src\share\vm\runtime\sharedRuntime.cpp, line 605]
Event: 7.883 Thread 0x00000000035b4800 Exception <a 'java/lang/ArrayIndexOutOfBoundsException'> (0x00000000d5683250) thrown at [C:\re\workspace\8-2-build-windows-amd64-cygwin\jdk8u121\8372\hotspot\src\share\vm\runtime\sharedRuntime.cpp, line 605]
Event: 7.885 Thread 0x00000000035b4800 Exception <a 'java/lang/ArrayIndexOutOfBoundsException'> (0x00000000d56a09d0) thrown at [C:\re\workspace\8-2-build-windows-amd64-cygwin\jdk8u121\8372\hotspot\src\share\vm\runtime\sharedRuntime.cpp, line 605]

Events (10 events):
Event: 7.971 loading class sun/nio/cs/AbstractCharsetProvider$1 done
Event: 7.971 loading class sun/nio/cs/ext/Big5
Event: 7.972 loading class sun/nio/cs/ext/Big5 done
Event: 7.972 loading class sun/nio/cs/ext/Big5_HKSCS
Event: 7.972 loading class sun/nio/cs/ext/Big5_HKSCS done
Event: 7.972 loading class sun/nio/cs/ext/EUC_JP
Event: 7.972 loading class sun/nio/cs/ext/EUC_JP done
Event: 7.972 loading class sun/nio/cs/ext/EUC_KR
Event: 7.973 loading class sun/nio/cs/ext/EUC_KR done
Event: 7.973 loading class sun/nio/cs/ext/GB18030


Dynamic libraries:
0x00007ff70dc50000 - 0x00007ff70dc87000 	C:\Program Files\Java\jre1.8.0_121\bin\javaw.exe
0x00007ff89b500000 - 0x00007ff89b6e1000 	C:\WINDOWS\SYSTEM32\ntdll.dll
0x00007ff899100000 - 0x00007ff8991b2000 	C:\WINDOWS\System32\KERNEL32.DLL
0x00007ff8983f0000 - 0x00007ff898663000 	C:\WINDOWS\System32\KERNELBASE.dll
0x00007ff8991c0000 - 0x00007ff899261000 	C:\WINDOWS\System32\ADVAPI32.dll
0x00007ff899e50000 - 0x00007ff899eee000 	C:\WINDOWS\System32\msvcrt.dll
0x00007ff899750000 - 0x00007ff8997ab000 	C:\WINDOWS\System32\sechost.dll
0x00007ff898dc0000 - 0x00007ff898ee4000 	C:\WINDOWS\System32\RPCRT4.dll
0x00007ff898bb0000 - 0x00007ff898d40000 	C:\WINDOWS\System32\USER32.dll
0x00007ff898970000 - 0x00007ff898990000 	C:\WINDOWS\System32\win32u.dll
0x00007ff899cf0000 - 0x00007ff899d18000 	C:\WINDOWS\System32\GDI32.dll
0x00007ff898060000 - 0x00007ff8981f2000 	C:\WINDOWS\System32\gdi32full.dll
0x00007ff898200000 - 0x00007ff89829f000 	C:\WINDOWS\System32\msvcp_win.dll
0x00007ff8982f0000 - 0x00007ff8983ea000 	C:\WINDOWS\System32\ucrtbase.dll
0x00007ff895a50000 - 0x00007ff895cb9000 	C:\WINDOWS\WinSxS\amd64_microsoft.windows.common-controls_6595b64144ccf1df_6.0.17134.228_none_fb4599993062b194\COMCTL32.dll
0x00007ff8997b0000 - 0x00007ff899ad3000 	C:\WINDOWS\System32\combase.dll
0x00007ff897fe0000 - 0x00007ff89805a000 	C:\WINDOWS\System32\bcryptPrimitives.dll
0x00007ff899720000 - 0x00007ff89974d000 	C:\WINDOWS\System32\IMM32.DLL
0x00007ff8976b0000 - 0x00007ff89770d000 	C:\Program Files\Citrix\System32\MfApHook64.dll
0x00007ff896fe0000 - 0x00007ff89700b000 	C:\Program Files\Citrix\ICAService\CtxDodHook64.dll
0x00007ff8975d0000 - 0x00007ff897602000 	C:\Program Files\Citrix\ICAService\picaFullScreenHookX64.dll
0x00007ff896f90000 - 0x00007ff896fde000 	C:\Program Files\Citrix\ICAService\ShellHook64.dll
0x00007ff899fa0000 - 0x00007ff89b3e0000 	C:\WINDOWS\System32\SHELL32.dll
0x00007ff8982a0000 - 0x00007ff8982e9000 	C:\WINDOWS\System32\cfgmgr32.dll
0x00007ff899ef0000 - 0x00007ff899f99000 	C:\WINDOWS\System32\shcore.dll
0x00007ff8978d0000 - 0x00007ff897fdd000 	C:\WINDOWS\System32\windows.storage.dll
0x00007ff899d20000 - 0x00007ff899d71000 	C:\WINDOWS\System32\shlwapi.dll
0x00007ff8978b0000 - 0x00007ff8978c1000 	C:\WINDOWS\System32\kernel.appcore.dll
0x00007ff897890000 - 0x00007ff8978af000 	C:\WINDOWS\System32\profapi.dll
0x00007ff897820000 - 0x00007ff89786c000 	C:\WINDOWS\System32\powrprof.dll
0x00007ff897810000 - 0x00007ff89781a000 	C:\WINDOWS\System32\FLTLIB.DLL
0x00007ff896e10000 - 0x00007ff896f8c000 	C:\Program Files\Citrix\ICAService\SCardHook64.dll
0x00007ff896d70000 - 0x00007ff896d9a000 	C:\Program Files\Citrix\ICAService\cxinjime64.dll
0x00007ff896c60000 - 0x00007ff896ca8000 	C:\Program Files\Citrix\ICAService\PicaWtsHook64.dll
0x0000000070f90000 - 0x0000000071062000 	C:\Program Files\Java\jre1.8.0_121\bin\msvcr100.dll
0x00000000712f0000 - 0x0000000071b8b000 	C:\Program Files\Java\jre1.8.0_121\bin\server\jvm.dll
0x00007ff899ce0000 - 0x00007ff899ce8000 	C:\WINDOWS\System32\PSAPI.DLL
0x00007ff885520000 - 0x00007ff885529000 	C:\WINDOWS\SYSTEM32\WSOCK32.dll
0x00007ff898d40000 - 0x00007ff898dac000 	C:\WINDOWS\System32\WS2_32.dll
0x00007ff891cf0000 - 0x00007ff891d13000 	C:\WINDOWS\SYSTEM32\WINMM.dll
0x00007ff891c30000 - 0x00007ff891c5a000 	C:\WINDOWS\SYSTEM32\WINMMBASE.dll
0x00007ff8974c0000 - 0x00007ff8974ca000 	C:\WINDOWS\SYSTEM32\VERSION.dll
0x00000000723c0000 - 0x00000000723cf000 	C:\Program Files\Java\jre1.8.0_121\bin\verify.dll
0x0000000072390000 - 0x00000000723b9000 	C:\Program Files\Java\jre1.8.0_121\bin\java.dll
0x0000000072370000 - 0x0000000072386000 	C:\Program Files\Java\jre1.8.0_121\bin\zip.dll
0x00000000722e0000 - 0x00000000722ed000 	C:\Program Files\Java\jre1.8.0_121\bin\management.dll
0x0000000072350000 - 0x000000007236a000 	C:\Program Files\Java\jre1.8.0_121\bin\net.dll
0x00007ff896550000 - 0x00007ff8965b6000 	C:\WINDOWS\system32\mswsock.dll
0x0000000072330000 - 0x0000000072341000 	C:\Program Files\Java\jre1.8.0_121\bin\nio.dll
0x00007ff88b0f0000 - 0x00007ff88b106000 	C:\WINDOWS\system32\napinsp.dll
0x00007ff88b110000 - 0x00007ff88b12a000 	C:\WINDOWS\system32\pnrpnsp.dll
0x00007ff893120000 - 0x00007ff893139000 	C:\WINDOWS\system32\NLAapi.dll
0x00007ff896320000 - 0x00007ff8963de000 	C:\WINDOWS\SYSTEM32\DNSAPI.dll
0x00007ff8990f0000 - 0x00007ff8990f8000 	C:\WINDOWS\System32\NSI.dll
0x00007ff8962e0000 - 0x00007ff896318000 	C:\WINDOWS\SYSTEM32\IPHLPAPI.DLL
0x00007ff88b130000 - 0x00007ff88b13e000 	C:\WINDOWS\System32\winrnr.dll
0x00007ff88e550000 - 0x00007ff88e55a000 	C:\Windows\System32\rasadhlp.dll
0x00007ff8909d0000 - 0x00007ff890a42000 	C:\WINDOWS\System32\fwpuclnt.dll
0x00007ff897080000 - 0x00007ff8970a5000 	C:\WINDOWS\SYSTEM32\bcrypt.dll
0x00007ff896700000 - 0x00007ff896717000 	C:\WINDOWS\SYSTEM32\CRYPTSP.dll
0x00007ff8960e0000 - 0x00007ff896113000 	C:\WINDOWS\system32\rsaenh.dll
0x00007ff897710000 - 0x00007ff897738000 	C:\WINDOWS\SYSTEM32\USERENV.dll
0x00007ff896720000 - 0x00007ff89672b000 	C:\WINDOWS\SYSTEM32\CRYPTBASE.dll
0x00007ff8905b0000 - 0x00007ff8905c6000 	C:\WINDOWS\SYSTEM32\dhcpcsvc6.DLL
0x00007ff890530000 - 0x00007ff89054a000 	C:\WINDOWS\SYSTEM32\dhcpcsvc.DLL

VM Arguments:
jvm_args: -Dcom.sun.management.jmxremote -Dcom.sun.management.jmxremote.port=64242 -Dcom.sun.management.jmxremote.authenticate=false -Dcom.sun.management.jmxremote.ssl=false -Djava.rmi.server.hostname=localhost -Dspring.liveBeansView.mbeanDomain -Dspring.application.admin.enabled=true -Xverify:none -XX:TieredStopAtLevel=1 -Dfile.encoding=UTF-8 
java_command: com.cg.configurationclient.ConfigurationClientApplication --spring.output.ansi.enabled=always
java_class_path (initial): C:\Ujwala_Gawari\cloudComputing\SpringEurekaConfiguration\configuration-client\target\classes;C:\Users\ugawari\.m2\repository\org\springframework\boot\spring-boot-starter-actuator\2.1.2.RELEASE\spring-boot-starter-actuator-2.1.2.RELEASE.jar;C:\Users\ugawari\.m2\repository\org\springframework\boot\spring-boot-starter\2.1.2.RELEASE\spring-boot-starter-2.1.2.RELEASE.jar;C:\Users\ugawari\.m2\repository\org\springframework\boot\spring-boot\2.1.2.RELEASE\spring-boot-2.1.2.RELEASE.jar;C:\Users\ugawari\.m2\repository\org\springframework\boot\spring-boot-autoconfigure\2.1.2.RELEASE\spring-boot-autoconfigure-2.1.2.RELEASE.jar;C:\Users\ugawari\.m2\repository\org\springframework\boot\spring-boot-starter-logging\2.1.2.RELEASE\spring-boot-starter-logging-2.1.2.RELEASE.jar;C:\Users\ugawari\.m2\repository\ch\qos\logback\logback-classic\1.2.3\logback-classic-1.2.3.jar;C:\Users\ugawari\.m2\repository\ch\qos\logback\logback-core\1.2.3\logback-core-1.2.3.jar;C:\Users\ugawari\.m2\repository\org\apache\logging\log4j\log4j-to-slf4j\2.11.1\log4j-to-slf4j-2.11.1.jar;C:\Users\ugawari\.m2\repository\org\apache\logging\log4j\log4j-api\2.11.1\log4j-api-2.11.1.jar;C:\Users\ugawari\.m2\repository\org\slf4j\jul-to-slf4j\1.7.25\jul-to-slf4j-1.7.25.jar;C:\Users\ugawari\.m2\repository\javax\annotation\javax.annotation-api\1.3.2\javax.annotation-api-1.3.2.jar;C:\Users\ugawari\.m2\repository\org\yaml\snakeyaml\1.23\snakeyaml-1.23.jar;C:\Users\ugawari\.m2\repository\org\springframework\boot\spring-boot-actuator-autoconfigure\2.1.2.RELEASE\spring-boot-actuator-autoconfigure-2.1.2.RELEASE.jar;C:\Users\ugawari\.m2\repository\org\springframework\boot\spring-boot-actuator\2.1.2.RELEASE\spring-boot-actuator-2.1.2.RELEASE.jar;C:\Users\ugawari\.m2\repository\org\springframework\spring-context\5.1.4.RELEASE\spring-context-5.1.4.RELEASE.jar;C:\Users\ugawari\.m2\repository\com\fasterxml\jackson\datatype\jackson-datatype-jsr310\2.9.8\jackson-datatype-jsr310-2.9.8.jar;C:\Users\ugawari\.m
Launcher Type: SUN_STANDARD

Environment Variables:
PATH=C:/Program Files/Java/jre1.8.0_121/bin/server;C:/Program Files/Java/jre1.8.0_121/bin;C:/Program Files/Java/jre1.8.0_121/lib/amd64;C:\Python34\;C:\Python34\Scripts;C:\oraclexe\app\oracle\product\11.2.0\server\bin;C:\ProgramData\Oracle\Java\javapath;C:\WINDOWS\system32;C:\WINDOWS;C:\WINDOWS\System32\Wbem;C:\WINDOWS\System32\WindowsPowerShell\v1.0\;C:\Program Files\TortoiseSVN\bin;C:\Program Files\nodejs\;C:\Program Files\Git\cmd;C:\Program Files (x86)\Microsoft SQL Server\110\Tools\Binn\ManagementStudio\;C:\Program Files (x86)\Microsoft SQL Server\110\Tools\Binn\;C:\Program Files (x86)\Microsoft SQL Server\110\DTS\Binn\;C:\Program Files\Citrix\System32\;C:\Program Files\Citrix\ICAService\;C:\WINDOWS\System32\OpenSSH\;C:\Users\ugawari\AppData\Local\Microsoft\WindowsApps;;C:\SOFTWARES\sts-bundle\sts-3.9.7.RELEASE;
USERNAME=ugawari
OS=Windows_NT
PROCESSOR_IDENTIFIER=Intel64 Family 15 Model 6 Stepping 1, GenuineIntel



---------------  S Y S T E M  ---------------

OS: Windows 10.0 , 64 bit Build 17134 (10.0.17134.1)

CPU:total 4 (2 cores per cpu, 1 threads per core) family 15 model 6 stepping 1, cmov, cx8, fxsr, mmx, sse, sse2, sse3, ssse3, sse4.1, sse4.2, popcnt, avx, avx2, aes, clmul, erms, rtm, 3dnowpref, lzcnt, tsc, bmi1, bmi2, adx

Memory: 4k page, physical 8388056k(357916k free), swap 18697820k(600k free)

vm_info: Java HotSpot(TM) 64-Bit Server VM (25.121-b13) for windows-amd64 JRE (1.8.0_121-b13), built on Dec 12 2016 18:21:36 by "java_re" with MS VC++ 10.0 (VS2010)

time: Wed Jan 23 10:00:50 2019
elapsed time: 8 seconds (0d 0h 0m 8s)

